<?xml version="1.0" encoding="UTF-8"?>
<!-- Generated by org.testng.reporters.JUnitReportReporter -->
<testsuite skipped="1" hostname="Admin-PC" name="FirstTestCase" tests="3" failures="0" timestamp="26 May 2018 08:59:26 GMT" time="0.009" errors="0">
  <testcase name="verifiedTest" time="0.004" classname="FirstTestCase"/>
  <testcase name="logoutTest" time="0.005" classname="FirstTestCase"/>
  <testcase name="loginTest" classname="FirstTestCase">
    <skipped/>
  </testcase> <!-- loginTest -->
</testsuite> <!-- FirstTestCase -->
