<?xml version="1.0" encoding="UTF-8"?>
<!-- Generated by org.testng.reporters.JUnitReportReporter -->
<testsuite skipped="0" hostname="Admin-PC" name="ThirdTestCase" tests="3" failures="0" timestamp="26 May 2018 09:16:42 GMT" time="0.011" errors="0">
  <testcase name="HandlingParametrisation" time="0.007" classname="ThirdTestCase"/>
  <testcase name="HandlingParametrisation" time="0.002" classname="ThirdTestCase"/>
  <testcase name="logTest" time="0.002" classname="ThirdTestCase"/>
</testsuite> <!-- ThirdTestCase -->
